0 info it worked if it ends with ok
1 verbose cli [ '/usr/bin/node', '/usr/bin/npm', 'build', '.' ]
2 info using npm@1.4.28
3 info using node@v0.10.32
4 verbose node symlink /usr/bin/node
5 info build /home/andras/node/npm/qrusage
6 info preinstall qrusage@1.0.0
7 verbose linkStuff [ false, false, false, '/home/andras/node/npm' ]
8 info linkStuff qrusage@1.0.0
9 verbose linkBins qrusage@1.0.0
10 verbose linkMans qrusage@1.0.0
11 verbose rebuildBundles qrusage@1.0.0
12 info install qrusage@1.0.0
13 verbose unsafe-perm in lifecycle true
14 info qrusage@1.0.0 Failed to exec install script
15 error qrusage@1.0.0 install: `node-gyp rebuild`
15 error Exit status 1
16 error Failed at the qrusage@1.0.0 install script.
16 error This is most likely a problem with the qrusage package,
16 error not with npm itself.
16 error Tell the author that this fails on your system:
16 error     node-gyp rebuild
16 error You can get their info via:
16 error     npm owner ls qrusage
16 error There is likely additional logging output above.
17 error System Linux 3.16-0.bpo.2-amd64
18 error command "/usr/bin/node" "/usr/bin/npm" "build" "."
19 error cwd /home/andras/node/npm/qrusage
20 error node -v v0.10.32
21 error npm -v 1.4.28
22 error code ELIFECYCLE
23 verbose exit [ 1, true ]
